不同的表访问模式有不同的扫描结点类型：顺序扫描、索引扫描、位图索引扫描。

# 例1

```
EXPLAIN SELECT * FROM tenk1;

                         QUERY PLAN
-------------------------------------------------------------
 Seq Scan on tenk1  (cost=0.00..458.00 rows=10000 width=244)
```



由于这个查询没有`WHERE`子句，它必须扫描表中的所有行，因此计划器只能选择使用一个简单的顺序扫描计划。被包含在圆括号中的数字是（从左至右）：

- 估计的启动开销。在输出阶段可以开始之前消耗的时间，例如在一个排序结点里执行排序的时间。
- 估计的总开销。这个估计值基于的假设是计划结点会被运行到完成，即所有可用的行都被检索。不过实际上一个结点的父结点可能很快停止读所有可用的行（见下面的`LIMIT`例子）。
- 这个计划结点输出行数的估计值。同样，也假定该结点能运行到完成。
- 预计这个计划结点输出的行平均宽度（以字节计算）。

# 例2

增加where条件

```
EXPLAIN SELECT * FROM tenk1 WHERE unique1 < 7000;

                         QUERY PLAN
------------------------------------------------------------
 Seq Scan on tenk1  (cost=0.00..483.00 rows=7001 width=244)
   Filter: (unique1 < 7000)
```

`WHERE`子句被当做一个"过滤器"条件附加到顺序扫描计划结点，这意味着该计划结点为它扫描的每一行检查该条件，并且只输出通过该条件的行，**和上条语句比，预估输出行数低了，但是消耗变多了，因为还是要扫描整个表，并且要过滤每一行**。

# 例3

```
EXPLAIN SELECT * FROM tenk1 WHERE unique1 < 100;

                                  QUERY PLAN
------------------------------------------------------------------------------
 Bitmap Heap Scan on tenk1  (cost=5.07..229.20 rows=101 width=244)
   Recheck Cond: (unique1 < 100)
   ->  Bitmap Index Scan on tenk1_unique1  (cost=0.00..5.04 rows=101 width=0)
         Index Cond: (unique1 < 100)
```

两步计划：先根据索引找出匹配的行所在的pages，然后上层去读取这些page，在通过条件过滤掉不要的，可见用了索引，读取的page变少了，



# 例4

```
EXPLAIN SELECT * FROM tenk1 WHERE unique1 < 100 AND stringu1 = 'xxx';

                                  QUERY PLAN
------------------------------------------------------------------------------
 Bitmap Heap Scan on tenk1  (cost=5.04..229.43 rows=1 width=244)
   Recheck Cond: (unique1 < 100)
   Filter: (stringu1 = 'xxx'::name)
   ->  Bitmap Index Scan on tenk1_unique1  (cost=0.00..5.04 rows=101 width=0)
         Index Cond: (unique1 < 100)
```

新增的条件`stringu1 = 'xxx'`减少了估计的输出行计数， 但是没有减少开销，因为我们仍然需要访问相同的行集合。 请注意，`stringu1`子句不能被应用为一个索引条件，因为这个索引只是在`unique1`列上。 它被用来过滤从索引中检索出的行。因此开销实际上略微增加了一些以反映这个额外的检查。





# 例5

```
EXPLAIN SELECT * FROM tenk1 WHERE unique1 < 100 AND unique2 > 9000;

                                     QUERY PLAN
-------------------------------------------------------------------------------------
 Bitmap Heap Scan on tenk1  (cost=25.08..60.21 rows=10 width=244)
   Recheck Cond: ((unique1 < 100) AND (unique2 > 9000))
   ->  BitmapAnd  (cost=25.08..25.08 rows=10 width=0)
         ->  Bitmap Index Scan on tenk1_unique1  (cost=0.00..5.04 rows=101 width=0)
               Index Cond: (unique1 < 100)
         ->  Bitmap Index Scan on tenk1_unique2  (cost=0.00..19.78 rows=999 width=0)
               Index Cond: (unique2 > 9000)
```

但是这要求访问两个索引，所以与只使用一个索引并把其他条件作为过滤器相比，它不一定能胜出。如果你变动涉及到的范围，你将看到计划也会相应改变。